<?xml version="1.0" encoding="UTF-8"?>
<!-- Generated by org.testng.reporters.JUnitXMLReporter -->
<testsuite ignored="0" hostname="Yousefs-MacBook-Pro.local" failures="0" tests="5" name="All Functionalities" time="186.864" errors="0" timestamp="2022-06-12T22:02:02 CDT">
  <testcase classname="scripts.UnitedAirlinesTest" name="mainMenuValidation" time="23.638"/>
  <testcase classname="scripts.UnitedAirlinesTest" name="bookTravelMenuValidation" time="20.299"/>
  <testcase classname="scripts.UnitedAirlinesTest" name="roundTripAndOneWayButtonValidation" time="21.887"/>
  <testcase classname="scripts.UnitedAirlinesTest" name="bookWithMilesAndFlexibleDatesValidation" time="24.177"/>
  <testcase classname="scripts.UnitedAirlinesTest" name="oneWayTicketSearchTest" time="69.647"/>
</testsuite> <!-- All Functionalities -->
