<?xml version="1.0" encoding="UTF-8"?>
<testng-results ignored="0" total="5" passed="5" failed="0" skipped="0">
  <reporter-output>
  </reporter-output>
  <suite started-at="2022-06-12T21:58:55 CDT" name="Regression" finished-at="2022-06-12T22:02:02 CDT" duration-ms="186864">
    <groups>
    </groups>
    <test started-at="2022-06-12T21:58:55 CDT" name="All Functionalities" finished-at="2022-06-12T22:02:02 CDT" duration-ms="186864">
      <class name="scripts.UnitedAirlinesTest">
        <test-method is-config="true" signature="setup()[pri:0, instance:scripts.UnitedAirlinesTest@704921a5]" started-at="2022-06-12T21:58:55 CDT" name="setup" finished-at="2022-06-12T21:58:58 CDT" duration-ms="2619" status="PASS">
          <reporter-output>
          </reporter-output>
        </test-method> <!-- setup -->
        <test-method signature="mainMenuValidation()[pri:1, instance:scripts.UnitedAirlinesTest@704921a5]" started-at="2022-06-12T21:58:58 CDT" name="mainMenuValidation" description="TC:1 - Validate Main Menu" finished-at="2022-06-12T21:59:21 CDT" duration-ms="23638" status="PASS">
          <reporter-output>
          </reporter-output>
        </test-method> <!-- mainMenuValidation -->
        <test-method is-config="true" signature="teardown()[pri:0, instance:scripts.UnitedAirlinesTest@704921a5]" started-at="2022-06-12T21:59:21 CDT" name="teardown" finished-at="2022-06-12T21:59:24 CDT" duration-ms="3165" status="PASS">
          <reporter-output>
          </reporter-output>
        </test-method> <!-- teardown -->
        <test-method is-config="true" signature="setup()[pri:0, instance:scripts.UnitedAirlinesTest@704921a5]" started-at="2022-06-12T21:59:24 CDT" name="setup" finished-at="2022-06-12T21:59:26 CDT" duration-ms="1445" status="PASS">
          <reporter-output>
          </reporter-output>
        </test-method> <!-- setup -->
        <test-method signature="bookTravelMenuValidation()[pri:2, instance:scripts.UnitedAirlinesTest@704921a5]" started-at="2022-06-12T21:59:26 CDT" name="bookTravelMenuValidation" description=" TC 2: Validate book travel menu" finished-at="2022-06-12T21:59:46 CDT" duration-ms="20299" status="PASS">
          <reporter-output>
          </reporter-output>
        </test-method> <!-- bookTravelMenuValidation -->
        <test-method is-config="true" signature="teardown()[pri:0, instance:scripts.UnitedAirlinesTest@704921a5]" started-at="2022-06-12T21:59:46 CDT" name="teardown" finished-at="2022-06-12T21:59:50 CDT" duration-ms="4138" status="PASS">
          <reporter-output>
          </reporter-output>
        </test-method> <!-- teardown -->
        <test-method is-config="true" signature="setup()[pri:0, instance:scripts.UnitedAirlinesTest@704921a5]" started-at="2022-06-12T21:59:50 CDT" name="setup" finished-at="2022-06-12T21:59:52 CDT" duration-ms="1296" status="PASS">
          <reporter-output>
          </reporter-output>
        </test-method> <!-- setup -->
        <test-method signature="roundTripAndOneWayButtonValidation()[pri:3, instance:scripts.UnitedAirlinesTest@704921a5]" started-at="2022-06-12T21:59:52 CDT" name="roundTripAndOneWayButtonValidation" description="TC 3: Validate Round-trip and One-way radio buttons" finished-at="2022-06-12T22:00:13 CDT" duration-ms="21887" status="PASS">
          <reporter-output>
          </reporter-output>
        </test-method> <!-- roundTripAndOneWayButtonValidation -->
        <test-method is-config="true" signature="teardown()[pri:0, instance:scripts.UnitedAirlinesTest@704921a5]" started-at="2022-06-12T22:00:13 CDT" name="teardown" finished-at="2022-06-12T22:00:17 CDT" duration-ms="3157" status="PASS">
          <reporter-output>
          </reporter-output>
        </test-method> <!-- teardown -->
        <test-method is-config="true" signature="setup()[pri:0, instance:scripts.UnitedAirlinesTest@704921a5]" started-at="2022-06-12T22:00:17 CDT" name="setup" finished-at="2022-06-12T22:00:20 CDT" duration-ms="3528" status="PASS">
          <reporter-output>
          </reporter-output>
        </test-method> <!-- setup -->
        <test-method signature="bookWithMilesAndFlexibleDatesValidation()[pri:4, instance:scripts.UnitedAirlinesTest@704921a5]" started-at="2022-06-12T22:00:20 CDT" name="bookWithMilesAndFlexibleDatesValidation" description="TC-4: Validate Book with miles and Flexible dates checkboxes" finished-at="2022-06-12T22:00:44 CDT" duration-ms="24177" status="PASS">
          <reporter-output>
          </reporter-output>
        </test-method> <!-- bookWithMilesAndFlexibleDatesValidation -->
        <test-method is-config="true" signature="teardown()[pri:0, instance:scripts.UnitedAirlinesTest@704921a5]" started-at="2022-06-12T22:00:44 CDT" name="teardown" finished-at="2022-06-12T22:00:48 CDT" duration-ms="3167" status="PASS">
          <reporter-output>
          </reporter-output>
        </test-method> <!-- teardown -->
        <test-method is-config="true" signature="setup()[pri:0, instance:scripts.UnitedAirlinesTest@704921a5]" started-at="2022-06-12T22:00:48 CDT" name="setup" finished-at="2022-06-12T22:00:49 CDT" duration-ms="1478" status="PASS">
          <reporter-output>
          </reporter-output>
        </test-method> <!-- setup -->
        <test-method signature="oneWayTicketSearchTest()[pri:5, instance:scripts.UnitedAirlinesTest@704921a5]" started-at="2022-06-12T22:00:49 CDT" name="oneWayTicketSearchTest" description="TC-5: Validate one-way ticket search from Chicago(ORD) to Miami(MIA)" finished-at="2022-06-12T22:01:59 CDT" duration-ms="69647" status="PASS">
          <reporter-output>
          </reporter-output>
        </test-method> <!-- oneWayTicketSearchTest -->
        <test-method is-config="true" signature="teardown()[pri:0, instance:scripts.UnitedAirlinesTest@704921a5]" started-at="2022-06-12T22:01:59 CDT" name="teardown" finished-at="2022-06-12T22:02:02 CDT" duration-ms="3208" status="PASS">
          <reporter-output>
          </reporter-output>
        </test-method> <!-- teardown -->
      </class> <!-- scripts.UnitedAirlinesTest -->
    </test> <!-- All Functionalities -->
  </suite> <!-- Regression -->
</testng-results>
